[2020-01-17T09:44:27.994] [ERROR] default - SQL error: Error: connect ECONNREFUSED 127.0.0.1:3306!
[2020-01-17T09:44:27.999] [ERROR] default - SQL error: Error: connect ECONNREFUSED 127.0.0.1:3306!
[2020-01-17T09:46:18.278] [INFO] default - 头部数据查询成功
[2020-01-17T09:46:18.297] [INFO] default - 数据查询成功
[2020-01-17T09:46:27.522] [INFO] default - 数据查询成功
[2020-01-17T09:47:04.275] [INFO] default - 数据查询成功
[2020-01-17T09:47:06.415] [INFO] default - 数据查询成功
[2020-01-17T09:47:11.305] [INFO] default - 数据查询成功
[2020-01-17T09:47:44.044] [INFO] default - 添加数据：产品名称：灭火器、图片地址:upload/photos/1579225648351-灭火器.jpg、价格:67、详情:
[2020-01-17T09:47:44.064] [INFO] default - 数据查询成功
[2020-01-17T09:52:58.115] [INFO] default - 数据查询成功
[2020-01-17T09:53:13.539] [INFO] default - 数据查询成功
[2020-01-17T09:53:34.192] [INFO] default - 数据查询成功
[2020-01-17T09:53:44.610] [INFO] default - 数据查询成功
[2020-01-17T09:55:27.334] [INFO] default - 数据查询成功
[2020-01-17T09:56:38.699] [INFO] default - 数据查询成功
[2020-01-17T09:56:38.699] [INFO] default - 头部数据查询成功
[2020-01-17T09:57:04.653] [INFO] default - 数据查询成功
[2020-01-17T09:57:04.655] [INFO] default - 头部数据查询成功
[2020-01-17T09:57:36.985] [INFO] default - 数据查询成功
[2020-01-17T09:57:51.433] [INFO] default - 数据查询成功
[2020-01-17T09:59:17.230] [INFO] default - 数据查询成功
[2020-01-17T09:59:48.263] [INFO] default - 数据查询成功
[2020-01-17T10:00:03.083] [INFO] default - 数据查询成功
[2020-01-17T10:00:04.743] [INFO] default - 数据查询成功
[2020-01-17T10:00:23.143] [INFO] default - 数据查询成功
[2020-01-17T10:00:27.728] [INFO] default - 数据查询成功
[2020-01-17T10:00:42.454] [INFO] default - 数据查询成功
[2020-01-17T10:03:15.885] [INFO] default - 数据查询成功
[2020-01-17T10:03:16.855] [INFO] default - 数据查询成功
[2020-01-17T10:03:22.627] [INFO] default - 数据查询成功
[2020-01-17T10:03:24.833] [INFO] default - 数据查询成功
[2020-01-17T10:04:17.836] [INFO] default - 数据查询成功
[2020-01-17T10:04:55.758] [INFO] default - 数据查询成功
[2020-01-17T10:05:05.632] [INFO] default - 数据查询成功
[2020-01-17T10:05:09.131] [INFO] default - 数据查询成功
[2020-01-17T10:05:15.561] [INFO] default - 数据查询成功
[2020-01-17T10:05:45.696] [INFO] default - 数据查询成功
[2020-01-17T10:05:50.481] [INFO] default - 数据查询成功
[2020-01-17T10:05:51.920] [INFO] default - 数据查询成功
[2020-01-17T10:08:49.037] [INFO] default - 修改数据：id：6、产品名称：灭火器、图片:upload/photos/1579226925521-824121319.jpg、价格:67、详情:
[2020-01-17T10:08:49.055] [INFO] default - 数据查询成功
[2020-01-17T10:10:24.752] [INFO] default - 数据查询成功
[2020-01-17T10:10:28.539] [INFO] default - 数据查询成功
[2020-01-17T10:10:33.719] [INFO] default - 数据查询成功
[2020-01-17T10:10:39.834] [INFO] default - 数据查询成功
[2020-01-17T10:11:02.304] [INFO] default - 修改数据：id：6、产品名称：灭火器、图片:upload/photos/1579226925521-824121319.jpg、价格:67、详情:upload/photos/1579227049343-824121319.jpg
[2020-01-17T10:11:02.319] [INFO] default - 数据查询成功
[2020-01-17T10:14:38.374] [INFO] default - 数据查询成功
[2020-01-17T10:14:49.873] [INFO] default - 数据查询成功
[2020-01-17T10:14:57.194] [INFO] default - 数据查询成功
[2020-01-17T10:15:04.282] [INFO] default - 数据查询成功
[2020-01-17T10:16:20.179] [INFO] default - 数据查询成功
[2020-01-17T10:16:28.477] [INFO] default - 数据查询成功
[2020-01-17T10:16:30.955] [INFO] default - 数据查询成功
[2020-01-17T10:16:33.141] [INFO] default - 数据查询成功
[2020-01-17T10:16:36.633] [INFO] default - 数据查询成功
[2020-01-17T10:16:41.042] [INFO] default - 数据查询成功
[2020-01-17T10:16:42.664] [INFO] default - 数据查询成功
[2020-01-17T10:16:45.271] [INFO] default - 数据查询成功
[2020-01-17T10:16:47.147] [INFO] default - 数据查询成功
[2020-01-17T10:16:55.562] [INFO] default - 修改数据：id：6、产品名称：灭火器、图片:upload/photos/1579226925521-824121319.jpg、价格:67、详情:upload/photos/1579227049343-824121319.jpg
[2020-01-17T10:16:55.576] [INFO] default - 数据查询成功
[2020-01-17T10:17:25.933] [INFO] default - 修改数据：id：6、产品名称：灭火器、图片:upload/photos/1579226925521-824121319.jpg、价格:67、详情:upload/photos/1579227443062-824121319.jpg
[2020-01-17T10:17:25.944] [INFO] default - 数据查询成功
[2020-01-17T10:18:04.285] [INFO] default - 数据查询成功
[2020-01-17T10:18:12.281] [INFO] default - 修改数据：id：6、产品名称：灭火器、图片:upload/photos/1579226925521-824121319.jpg、价格:67、详情:upload/photos/1579227490780-灭火器.jpg
[2020-01-17T10:18:12.299] [INFO] default - 数据查询成功
[2020-01-17T10:20:26.721] [INFO] default - 数据查询成功
[2020-01-17T10:20:37.913] [INFO] default - 数据查询成功
[2020-01-17T10:20:44.332] [INFO] default - 数据查询成功
[2020-01-17T10:21:13.209] [INFO] default - 数据查询成功
[2020-01-17T10:21:16.207] [INFO] default - 数据查询成功
[2020-01-17T10:21:17.729] [INFO] default - 数据查询成功
[2020-01-17T10:21:28.709] [INFO] default - 修改数据：id：6、产品名称：灭火器、图片:upload/photos/1579227683057-灭火器.jpg、价格:67、详情:upload/photos/1579227687567-824121319.jpg
[2020-01-17T10:21:28.722] [INFO] default - 数据查询成功
[2020-01-17T10:22:37.890] [INFO] default - 数据查询成功
[2020-01-17T10:22:39.207] [INFO] default - 数据查询成功
[2020-01-17T10:22:46.178] [INFO] default - 数据查询成功
[2020-01-17T10:23:52.369] [INFO] default - 修改数据：id：6、产品名称：灭火器、图片:upload/photos/1579227683057-灭火器.jpg、价格:67、详情:upload/photos/1579227822700-937939743.jpg
[2020-01-17T10:23:52.380] [INFO] default - 数据查询成功
[2020-01-17T10:24:39.119] [INFO] default - 数据查询成功
[2020-01-17T10:24:58.542] [INFO] default - 修改数据：id：6、产品名称：灭火器、图片:upload/photos/1579227683057-灭火器.jpg、价格:67、详情:upload/photos/1579227822700-937939743.jpgupload/photos/1579227896584-商品详情.jpg
[2020-01-17T10:24:58.553] [INFO] default - 数据查询成功
[2020-01-17T10:25:15.845] [INFO] default - 数据查询成功
[2020-01-17T10:25:29.613] [INFO] default - 修改数据：id：6、产品名称：灭火器、图片:upload/photos/1579227683057-灭火器.jpg、价格:67、详情:upload/photos/1579227822700-937939743.jpgupload/photos/1579227896584-商品详情.jpgupload/photos/1579227923612-363680978.jpg,upload/photos/1579227928008-824121319.jpg,
[2020-01-17T10:25:29.625] [INFO] default - 数据查询成功
[2020-01-17T10:25:55.450] [INFO] default - 数据查询成功
[2020-01-17T10:26:11.368] [INFO] default - 修改数据：id：6、产品名称：灭火器、图片:upload/photos/1579227683057-灭火器.jpg、价格:67、详情:upload/photos/1579227966537-363680978.jpg,upload/photos/1579227970218-824121319.jpg,
[2020-01-17T10:26:11.384] [INFO] default - 数据查询成功
[2020-01-17T10:27:31.828] [INFO] default - 数据查询成功
[2020-01-17T10:27:36.951] [INFO] default - 数据查询成功
[2020-01-17T10:27:38.034] [INFO] default - 数据查询成功
[2020-01-17T10:27:41.354] [INFO] default - 数据查询成功
[2020-01-17T10:27:45.062] [INFO] default - 数据查询成功
[2020-01-17T10:27:57.102] [INFO] default - 数据查询成功
[2020-01-17T10:28:32.492] [INFO] default - 数据查询成功
[2020-01-17T10:28:39.830] [INFO] default - 数据查询成功
[2020-01-17T10:28:40.879] [INFO] default - 数据查询成功
[2020-01-17T10:29:04.385] [INFO] default - 数据查询成功
[2020-01-17T10:29:17.492] [INFO] default - 修改数据：id：6、产品名称：灭火器、图片:upload/photos/1579227683057-灭火器.jpg、价格:67、详情:upload/photos/1579228152910-824121319.jpg,upload/photos/1579228156325-363680978.jpg
[2020-01-17T10:29:17.506] [INFO] default - 数据查询成功
[2020-01-17T10:29:47.803] [INFO] default - 数据查询成功
[2020-01-17T10:30:05.159] [INFO] default - 数据查询成功
[2020-01-17T10:30:43.699] [INFO] default - 数据查询成功
[2020-01-17T10:33:19.262] [INFO] default - 数据查询成功
[2020-01-17T10:33:31.690] [INFO] default - 数据查询成功
[2020-01-17T10:34:17.775] [INFO] default - 数据查询成功
[2020-01-17T10:34:20.996] [INFO] default - 数据查询成功
[2020-01-17T10:35:44.957] [INFO] default - 数据查询成功
[2020-01-17T10:36:31.367] [INFO] default - 数据查询成功
[2020-01-17T10:37:48.469] [INFO] default - 数据查询成功
[2020-01-17T10:37:50.263] [INFO] default - 数据查询成功
[2020-01-17T10:37:52.462] [INFO] default - 数据查询成功
[2020-01-17T10:37:55.253] [INFO] default - 数据查询成功
[2020-01-17T10:37:57.306] [INFO] default - 数据查询成功
[2020-01-17T10:37:59.524] [INFO] default - 数据查询成功
[2020-01-17T10:38:07.502] [INFO] default - 修改数据：id：6、产品名称：灭火器、图片:upload/photos/1579227683057-灭火器.jpg、价格:67、详情:upload/photos/1579228152910-824121319.jpg,upload/photos/1579228156325-363680978.jp
[2020-01-17T10:38:07.519] [INFO] default - 数据查询成功
[2020-01-17T10:38:49.728] [INFO] default - 数据查询成功
[2020-01-17T10:38:50.718] [INFO] default - 数据查询成功
[2020-01-17T10:38:54.196] [INFO] default - 数据查询成功
[2020-01-17T10:39:11.111] [INFO] default - 数据查询成功
[2020-01-17T10:39:13.942] [INFO] default - 数据查询成功
[2020-01-17T10:39:16.727] [INFO] default - 数据查询成功
[2020-01-17T10:39:29.731] [INFO] default - 数据查询成功
[2020-01-17T10:39:31.684] [INFO] default - 数据查询成功
[2020-01-17T10:39:43.684] [INFO] default - 数据查询成功
[2020-01-17T10:39:44.579] [INFO] default - 数据查询成功
[2020-01-17T10:39:55.823] [INFO] default - 数据查询成功
[2020-01-17T10:40:00.323] [INFO] default - 数据查询成功
[2020-01-17T10:40:05.798] [INFO] default - 数据查询成功
[2020-01-17T10:40:10.293] [INFO] default - 修改数据：id：6、产品名称：灭火器、图片:upload/photos/1579227683057-灭火器.jpg、价格:67、详情:[object Object
[2020-01-17T10:40:10.309] [INFO] default - 数据查询成功
[2020-01-17T10:40:46.586] [INFO] default - 数据查询成功
[2020-01-17T10:40:49.734] [INFO] default - 数据查询成功
[2020-01-17T10:40:56.202] [INFO] default - 数据查询成功
[2020-01-17T10:41:15.299] [INFO] default - 修改数据：id：6、产品名称：灭火器、图片:upload/photos/1579227683057-灭火器.jpg、价格:67、详情:upload/photos/1579228870557-824121319.jpg,upload/photos/1579228874071-363680978.jpg
[2020-01-17T10:41:15.310] [INFO] default - 数据查询成功
[2020-01-17T10:41:25.083] [INFO] default - 修改数据：id：6、产品名称：灭火器、图片:upload/photos/1579227683057-灭火器.jpg、价格:67、详情:[object Object
[2020-01-17T10:41:25.096] [INFO] default - 数据查询成功
[2020-01-17T10:42:23.178] [INFO] default - 数据查询成功
[2020-01-17T10:42:43.761] [INFO] default - 修改数据：id：6、产品名称：灭火器、图片:upload/photos/1579227683057-灭火器.jpg、价格:67、详情:upload/photos/1579228962629-824121319.jpg
[2020-01-17T10:42:43.777] [INFO] default - 数据查询成功
[2020-01-17T10:46:22.044] [INFO] default - 数据查询成功
[2020-01-17T10:46:22.118] [INFO] default - 数据查询成功
[2020-01-17T10:46:22.174] [INFO] default - 数据查询成功
[2020-01-17T10:46:22.219] [INFO] default - 数据查询成功
[2020-01-17T10:48:24.447] [INFO] default - 数据查询成功
[2020-01-17T10:48:58.971] [INFO] default - 数据查询成功
[2020-01-17T10:49:04.617] [INFO] default - 数据查询成功
[2020-01-17T10:49:23.530] [INFO] default - 数据查询成功
[2020-01-17T10:49:30.545] [INFO] default - 数据查询成功
[2020-01-17T10:49:41.499] [INFO] default - 数据查询成功
[2020-01-17T10:49:54.560] [INFO] default - 数据查询成功
[2020-01-17T10:49:58.367] [INFO] default - 数据查询成功
[2020-01-17T10:50:01.282] [INFO] default - 数据查询成功
[2020-01-17T10:50:02.955] [INFO] default - 数据查询成功
[2020-01-17T10:50:12.398] [INFO] default - 修改数据：id：6、产品名称：灭火器、图片:upload/photos/1579227683057-灭火器.jpg、价格:67、详情:
[2020-01-17T10:50:12.415] [INFO] default - 数据查询成功
[2020-01-17T10:51:06.467] [INFO] default - 数据查询成功
[2020-01-17T10:51:11.796] [INFO] default - 数据查询成功
[2020-01-17T10:51:13.351] [INFO] default - 数据查询成功
[2020-01-17T10:51:34.532] [INFO] default - 修改数据：id：6、产品名称：灭火器、图片:upload/photos/1579227683057-灭火器.jpg、价格:67、详情:upload/photos/1579229482459-363680978.jpg,upload/photos/1579229486305-824121319.jpg,upload/photos/1579229492706-937939743.jpg
[2020-01-17T10:51:34.546] [INFO] default - 数据查询成功
[2020-01-17T10:51:38.672] [INFO] default - 修改数据：id：6、产品名称：灭火器、图片:upload/photos/1579227683057-灭火器.jpg、价格:67、详情:[object Object],[object Object
[2020-01-17T10:51:38.682] [INFO] default - 数据查询成功
[2020-01-17T10:52:30.671] [INFO] default - 数据查询成功
[2020-01-17T10:52:34.214] [INFO] default - 数据查询成功
[2020-01-17T10:53:01.256] [INFO] default - 数据查询成功
[2020-01-17T10:53:10.705] [INFO] default - 修改数据：id：6、产品名称：灭火器、图片:upload/photos/1579227683057-灭火器.jpg、价格:67、详情:upload/photos/1579229586269-363680978.jpg,upload/photos/1579229589470-824121319.jpg
[2020-01-17T10:53:10.725] [INFO] default - 数据查询成功
[2020-01-17T10:53:19.673] [INFO] default - 修改数据：id：6、产品名称：灭火器、图片:upload/photos/1579227683057-灭火器.jpg、价格:67、详情:[object Object
[2020-01-17T10:53:19.685] [INFO] default - 数据查询成功
[2020-01-17T10:53:57.091] [INFO] default - 数据查询成功
[2020-01-17T10:53:58.225] [INFO] default - 数据查询成功
[2020-01-17T10:54:38.430] [INFO] default - 数据查询成功
[2020-01-17T10:54:42.086] [INFO] default - 数据查询成功
[2020-01-17T10:55:03.030] [INFO] default - 数据查询成功
[2020-01-17T10:55:04.294] [INFO] default - 数据查询成功
[2020-01-17T10:55:05.436] [INFO] default - 数据查询成功
[2020-01-17T10:55:12.477] [INFO] default - 数据查询成功
[2020-01-17T10:55:17.929] [INFO] default - 数据查询成功
[2020-01-17T10:55:23.076] [INFO] default - 数据查询成功
[2020-01-17T10:55:27.048] [INFO] default - 数据查询成功
[2020-01-17T10:55:28.406] [INFO] default - 数据查询成功
[2020-01-17T10:55:34.758] [INFO] default - 数据查询成功
[2020-01-17T10:55:36.868] [INFO] default - 数据查询成功
[2020-01-17T10:55:38.663] [INFO] default - 数据查询成功
[2020-01-17T10:55:42.805] [INFO] default - 数据查询成功
[2020-01-17T10:56:19.775] [INFO] default - 修改数据：id：6、产品名称：灭火器、图片:upload/photos/1579227683057-灭火器.jpg、价格:67、详情:[object Object],[object Object],[object Object]upload/photos/1579229776612-937939743.jpg
[2020-01-17T10:56:19.793] [INFO] default - 数据查询成功
[2020-01-17T10:56:56.650] [INFO] default - 数据查询成功
[2020-01-17T10:57:10.063] [INFO] default - 数据查询成功
[2020-01-17T10:57:19.268] [INFO] default - 修改数据：id：6、产品名称：灭火器、图片:upload/photos/1579227683057-灭火器.jpg、价格:67、详情:upload/photos/1579229834413-363680978.jpg,upload/photos/1579229838272-937939743.jpg
[2020-01-17T10:57:19.287] [INFO] default - 数据查询成功
[2020-01-17T10:57:25.320] [INFO] default - 修改数据：id：6、产品名称：灭火器、图片:upload/photos/1579227683057-灭火器.jpg、价格:67、详情:[object Object
[2020-01-17T10:57:25.331] [INFO] default - 数据查询成功
[2020-01-17T10:57:57.238] [INFO] default - 数据查询成功
[2020-01-17T10:58:18.150] [INFO] default - 数据查询成功
[2020-01-17T11:00:04.160] [INFO] default - 数据查询成功
[2020-01-17T11:01:27.486] [INFO] default - 数据查询成功
[2020-01-17T11:01:29.111] [INFO] default - 数据查询成功
[2020-01-17T11:01:47.237] [INFO] default - 修改数据：id：6、产品名称：灭火器、图片:upload/photos/1579227683057-灭火器.jpg、价格:67、详情:http://172.16.100.33:80/upload/photos/1579227683057-灭火器.jp
[2020-01-17T11:01:47.255] [INFO] default - 数据查询成功
[2020-01-17T11:02:18.753] [INFO] default - 数据查询成功
[2020-01-17T11:03:16.580] [INFO] default - 数据查询成功
[2020-01-17T11:03:28.628] [INFO] default - 数据查询成功
[2020-01-17T11:03:32.881] [INFO] default - 修改数据：id：6、产品名称：灭火器、图片:upload/photos/1579227683057-灭火器.jpg、价格:67、详情:http://172.16.100.33:80/upload/photos/1579227683057-灭火器.jpg
[2020-01-17T11:03:32.901] [INFO] default - 数据查询成功
[2020-01-17T11:04:59.580] [INFO] default - 数据查询成功
[2020-01-17T11:05:04.806] [INFO] default - 数据查询成功
[2020-01-17T11:05:16.503] [INFO] default - 数据查询成功
[2020-01-17T11:05:27.678] [INFO] default - 数据查询成功
[2020-01-17T11:05:37.901] [INFO] default - 数据查询成功
[2020-01-17T11:05:42.807] [INFO] default - 修改数据：id：6、产品名称：灭火器、图片:upload/photos/1579227683057-灭火器.jpg、价格:67、详情:upload/photos/1579227683057-灭火器.jpg
[2020-01-17T11:05:42.821] [INFO] default - 数据查询成功
[2020-01-17T11:05:50.365] [INFO] default - 修改数据：id：6、产品名称：灭火器、图片:upload/photos/1579227683057-灭火器.jpg、价格:67、详情:
[2020-01-17T11:05:50.378] [INFO] default - 数据查询成功
[2020-01-17T11:06:07.503] [INFO] default - 修改数据：id：6、产品名称：灭火器、图片:upload/photos/1579227683057-灭火器.jpg、价格:67、详情:upload/photos/1579230357580-363680978.jpg,upload/photos/1579230360943-824121319.jpg,upload/photos/1579230365723-937939743.jpg
[2020-01-17T11:06:07.517] [INFO] default - 数据查询成功
[2020-01-17T11:06:30.381] [INFO] default - 数据查询成功
[2020-01-17T11:06:31.762] [INFO] default - 数据查询成功
[2020-01-17T11:06:37.498] [INFO] default - 数据查询成功
[2020-01-17T11:06:41.437] [INFO] default - 数据查询成功
[2020-01-17T11:06:48.881] [INFO] default - 数据查询成功
[2020-01-17T11:07:01.581] [INFO] default - 数据查询成功
[2020-01-17T11:08:09.329] [INFO] default - 数据查询成功
[2020-01-17T11:11:56.353] [INFO] default - 头部数据查询成功
[2020-01-17T11:11:56.356] [INFO] default - 数据查询成功
[2020-01-17T11:12:10.892] [INFO] default - 数据查询成功
[2020-01-17T11:12:14.945] [INFO] default - 数据查询成功
[2020-01-17T11:12:27.080] [INFO] default - 数据查询成功
[2020-01-17T11:12:32.943] [INFO] default - 数据查询成功
[2020-01-17T11:12:37.393] [INFO] default - 数据查询成功
[2020-01-17T11:13:10.435] [INFO] default - 数据查询成功
[2020-01-17T11:13:16.409] [INFO] default - 数据查询成功
[2020-01-17T11:13:30.241] [INFO] default - 数据查询成功
[2020-01-17T11:13:43.936] [INFO] default - 数据查询成功
[2020-01-17T11:14:34.512] [INFO] default - 数据查询成功
[2020-01-17T11:17:54.606] [INFO] default - 数据查询成功
[2020-01-17T11:18:18.011] [INFO] default - 数据查询成功
[2020-01-17T11:21:29.983] [INFO] default - 数据查询成功
[2020-01-17T11:22:55.553] [INFO] default - 数据查询成功
[2020-01-17T11:22:58.721] [INFO] default - 数据查询成功
[2020-01-17T11:23:21.620] [INFO] default - 数据查询成功
[2020-01-17T11:23:22.549] [INFO] default - 数据查询成功
[2020-01-17T11:23:32.994] [INFO] default - 数据查询成功
[2020-01-17T11:23:37.138] [INFO] default - 数据查询成功
[2020-01-17T11:23:40.457] [INFO] default - 数据查询成功
[2020-01-17T11:23:45.238] [INFO] default - 数据查询成功
[2020-01-17T11:24:28.495] [INFO] default - 数据查询成功
[2020-01-17T11:24:31.804] [INFO] default - 数据查询成功
[2020-01-17T11:24:36.864] [INFO] default - 数据查询成功
[2020-01-17T11:24:40.716] [INFO] default - 数据查询成功
[2020-01-17T11:24:43.256] [INFO] default - 数据查询成功
[2020-01-17T11:24:47.389] [INFO] default - 数据查询成功
[2020-01-17T11:25:20.575] [INFO] default - 数据查询成功
[2020-01-17T11:25:24.672] [INFO] default - 数据查询成功
[2020-01-17T11:25:43.873] [INFO] default - 数据查询成功
[2020-01-17T11:25:43.877] [INFO] default - 头部数据查询成功
[2020-01-17T11:26:03.311] [INFO] default - 数据查询成功
[2020-01-17T11:26:07.517] [INFO] default - 数据查询成功
[2020-01-17T11:26:29.680] [INFO] default - 数据查询成功
[2020-01-17T11:27:02.003] [INFO] default - 数据查询成功
[2020-01-17T11:27:07.998] [INFO] default - 数据查询成功
[2020-01-17T11:29:30.973] [INFO] default - 数据查询成功
[2020-01-17T11:29:55.497] [INFO] default - 数据查询成功
[2020-01-17T11:29:57.747] [INFO] default - 数据查询成功
[2020-01-17T11:30:02.851] [INFO] default - 数据查询成功
[2020-01-17T11:30:05.934] [INFO] default - 数据查询成功
[2020-01-17T11:30:10.084] [INFO] default - 数据查询成功
[2020-01-17T11:30:25.792] [INFO] default - 数据查询成功
[2020-01-17T11:30:26.523] [INFO] default - 数据查询成功
[2020-01-17T11:31:01.123] [INFO] default - 数据查询成功
[2020-01-17T11:31:02.013] [INFO] default - 数据查询成功
[2020-01-17T11:31:23.217] [INFO] default - 数据查询成功
[2020-01-17T11:31:28.368] [INFO] default - 数据查询成功
[2020-01-17T11:31:30.978] [INFO] default - 数据查询成功
[2020-01-17T11:31:31.826] [INFO] default - 数据查询成功
[2020-01-17T11:31:41.818] [INFO] default - 数据查询成功
[2020-01-17T11:31:42.800] [INFO] default - 数据查询成功
[2020-01-17T11:32:54.662] [INFO] default - 数据查询成功
[2020-01-17T11:32:56.957] [INFO] default - 数据查询成功
[2020-01-17T11:32:58.129] [INFO] default - 数据查询成功
[2020-01-17T11:33:50.405] [INFO] default - 数据查询成功
[2020-01-17T11:33:51.296] [INFO] default - 数据查询成功
[2020-01-17T11:35:27.806] [INFO] default - 数据查询成功
[2020-01-17T11:35:44.499] [INFO] default - 数据查询成功
[2020-01-17T11:35:45.337] [INFO] default - 数据查询成功
[2020-01-17T11:38:00.747] [INFO] default - 数据查询成功
[2020-01-17T11:38:07.026] [INFO] default - 数据查询成功
[2020-01-17T11:38:07.828] [INFO] default - 数据查询成功
[2020-01-17T11:38:22.332] [INFO] default - 数据查询成功
[2020-01-17T11:38:51.179] [INFO] default - 数据查询成功
[2020-01-17T11:38:51.845] [INFO] default - 数据查询成功
[2020-01-17T11:39:03.580] [INFO] default - 数据查询成功
[2020-01-17T11:39:08.472] [INFO] default - 数据查询成功
[2020-01-17T11:39:18.936] [INFO] default - 数据查询成功
[2020-01-17T11:39:19.700] [INFO] default - 数据查询成功
[2020-01-17T11:39:22.913] [INFO] default - 数据查询成功
[2020-01-17T11:39:23.573] [INFO] default - 数据查询成功
[2020-01-17T11:39:38.672] [INFO] default - 数据查询成功
[2020-01-17T11:39:42.109] [INFO] default - 数据查询成功
[2020-01-17T11:39:45.197] [INFO] default - 数据查询成功
[2020-01-17T11:39:48.730] [INFO] default - 数据查询成功
[2020-01-17T11:39:53.158] [INFO] default - 数据查询成功
[2020-01-17T11:39:54.617] [INFO] default - 数据查询成功
[2020-01-17T11:39:55.580] [INFO] default - 数据查询成功
[2020-01-17T11:40:12.868] [INFO] default - 数据查询成功
[2020-01-17T11:40:16.548] [INFO] default - 数据查询成功
[2020-01-17T11:40:17.313] [INFO] default - 数据查询成功
[2020-01-17T11:40:34.204] [INFO] default - 数据查询成功
[2020-01-17T11:40:36.382] [INFO] default - 数据查询成功
[2020-01-17T11:40:37.296] [INFO] default - 数据查询成功
[2020-01-17T11:40:42.498] [INFO] default - 数据查询成功
[2020-01-17T11:40:43.149] [INFO] default - 数据查询成功
[2020-01-17T11:41:09.398] [INFO] default - 数据查询成功
[2020-01-17T11:42:49.350] [INFO] default - 数据查询成功
[2020-01-17T11:43:07.279] [INFO] default - 数据查询成功
[2020-01-17T11:43:11.329] [INFO] default - 数据查询成功
[2020-01-17T11:43:17.798] [INFO] default - 数据查询成功
[2020-01-17T11:43:51.748] [INFO] default - 数据查询成功
[2020-01-17T11:43:58.258] [INFO] default - 数据查询成功
[2020-01-17T11:44:02.535] [INFO] default - 数据查询成功
[2020-01-17T11:44:03.304] [INFO] default - 数据查询成功
[2020-01-17T11:44:57.286] [INFO] default - 数据查询成功
[2020-01-17T11:47:40.938] [INFO] default - 数据查询成功
[2020-01-17T11:47:44.562] [INFO] default - 数据查询成功
[2020-01-17T11:47:45.402] [INFO] default - 数据查询成功
[2020-01-17T11:48:06.746] [INFO] default - 数据查询成功
[2020-01-17T11:48:08.947] [INFO] default - 数据查询成功
[2020-01-17T11:48:09.565] [INFO] default - 数据查询成功
[2020-01-17T11:48:22.609] [INFO] default - 数据查询成功
[2020-01-17T11:48:23.374] [INFO] default - 数据查询成功
[2020-01-17T11:48:37.563] [INFO] default - 数据查询成功
[2020-01-17T11:48:38.471] [INFO] default - 数据查询成功
[2020-01-17T11:49:28.313] [INFO] default - 数据查询成功
[2020-01-17T11:49:31.284] [INFO] default - 数据查询成功
[2020-01-17T11:49:36.019] [INFO] default - 数据查询成功
[2020-01-17T11:49:36.763] [INFO] default - 数据查询成功
[2020-01-17T11:50:35.664] [INFO] default - 数据查询成功
[2020-01-17T11:50:42.118] [INFO] default - 数据查询成功
[2020-01-17T11:50:48.596] [INFO] default - 数据查询成功
[2020-01-17T11:50:49.077] [INFO] default - 数据查询成功
[2020-01-17T11:50:52.668] [INFO] default - 数据查询成功
[2020-01-17T11:51:02.212] [INFO] default - 数据查询成功
[2020-01-17T11:51:12.564] [INFO] default - 数据查询成功
[2020-01-17T11:51:13.884] [INFO] default - 数据查询成功
[2020-01-17T11:51:19.892] [INFO] default - 数据查询成功
[2020-01-17T11:51:21.524] [INFO] default - 数据查询成功
[2020-01-17T11:51:28.403] [INFO] default - 数据查询成功
[2020-01-17T11:51:30.962] [INFO] default - 数据查询成功
[2020-01-17T11:51:35.300] [INFO] default - 数据查询成功
[2020-01-17T11:51:49.865] [INFO] default - 数据查询成功
[2020-01-17T11:51:53.531] [INFO] default - 数据查询成功
[2020-01-17T11:51:58.061] [INFO] default - 数据查询成功
[2020-01-17T11:52:01.548] [INFO] default - 数据查询成功
[2020-01-17T11:52:08.640] [INFO] default - 数据查询成功
[2020-01-17T11:52:17.463] [INFO] default - 数据查询成功
[2020-01-17T11:52:20.534] [INFO] default - 数据查询成功
[2020-01-17T11:52:24.661] [INFO] default - 数据查询成功
[2020-01-17T11:52:26.995] [INFO] default - 数据查询成功
[2020-01-17T11:52:34.946] [INFO] default - 数据查询成功
[2020-01-17T11:52:44.946] [INFO] default - 数据查询成功
[2020-01-17T11:52:45.614] [INFO] default - 数据查询成功
[2020-01-17T11:53:16.539] [INFO] default - 数据查询成功
[2020-01-17T11:53:23.967] [INFO] default - 数据查询成功
[2020-01-17T11:53:26.685] [INFO] default - 数据查询成功
[2020-01-17T11:53:29.535] [INFO] default - 数据查询成功
[2020-01-17T11:53:31.142] [INFO] default - 数据查询成功
[2020-01-17T11:53:31.938] [INFO] default - 数据查询成功
[2020-01-17T11:53:40.867] [INFO] default - 数据查询成功
[2020-01-17T11:53:45.627] [INFO] default - 数据查询成功
[2020-01-17T11:53:48.277] [INFO] default - 数据查询成功
[2020-01-17T11:54:09.820] [INFO] default - 数据查询成功
[2020-01-17T11:54:10.533] [INFO] default - 数据查询成功
[2020-01-17T11:54:13.697] [INFO] default - 数据查询成功
[2020-01-17T11:54:14.320] [INFO] default - 数据查询成功
[2020-01-17T11:54:15.202] [INFO] default - 数据查询成功
[2020-01-17T11:54:20.401] [INFO] default - 数据查询成功
[2020-01-17T11:54:21.368] [INFO] default - 数据查询成功
[2020-01-17T11:54:48.564] [INFO] default - 数据查询成功
[2020-01-17T11:54:49.901] [INFO] default - 数据查询成功
[2020-01-17T11:54:51.475] [INFO] default - 数据查询成功
[2020-01-17T11:54:54.276] [INFO] default - 数据查询成功
[2020-01-17T11:54:55.798] [INFO] default - 数据查询成功
[2020-01-17T11:55:30.907] [INFO] default - 数据查询成功
[2020-01-17T11:55:32.315] [INFO] default - 数据查询成功
[2020-01-17T11:55:42.524] [INFO] default - 数据查询成功
[2020-01-17T11:55:44.206] [INFO] default - 数据查询成功
[2020-01-17T13:36:30.539] [INFO] default - 数据查询成功
[2020-01-17T13:39:55.984] [INFO] default - 数据查询成功
[2020-01-17T13:48:24.887] [INFO] default - 数据查询成功
[2020-01-17T13:48:27.317] [INFO] default - 数据查询成功
[2020-01-17T13:48:47.399] [INFO] default - 数据查询成功
[2020-01-17T13:49:41.272] [INFO] default - 数据查询成功
[2020-01-17T13:49:43.653] [INFO] default - 数据查询成功
